2025-06-30T14:15:38.682+07:00  INFO 89518 --- [ShopmeBackend] [restartedMain] c.shopme.admin.ShopmeBackendApplication  : Starting ShopmeBackendApplication using Java 21.0.7 with PID 89518 (/home/eddie/Practise/Java/Spring/projects/ShopmeProject/ShopmeWebParent/ShopmeBackend/target/classes started by eddie in /home/eddie/Practise/Java/Spring/projects/ShopmeProject/ShopmeWebParent/ShopmeBackend)
2025-06-30T14:15:38.688+07:00 DEBUG 89518 --- [ShopmeBackend] [restartedMain] c.shopme.admin.ShopmeBackendApplication  : Running with Spring Boot v3.3.3, Spring v6.1.12
2025-06-30T14:15:38.688+07:00  INFO 89518 --- [ShopmeBackend] [restartedMain] c.shopme.admin.ShopmeBackendApplication  : No active profile set, falling back to 1 default profile: "default"
2025-06-30T14:15:39.205+07:00  WARN 89518 --- [ShopmeBackend] [restartedMain] JpaBaseConfiguration$JpaWebConfiguration : spring.jpa.open-in-view is enabled by default. Therefore, database queries may be performed during view rendering. Explicitly configure spring.jpa.open-in-view to disable this warning
2025-06-30T14:15:39.613+07:00  INFO 89518 --- [ShopmeBackend] [restartedMain] c.shopme.admin.ShopmeBackendApplication  : Started ShopmeBackendApplication in 0.952 seconds (process running for 221.741)
2025-06-30T14:15:46.097+07:00  INFO 89518 --- [ShopmeBackend] [restartedMain] c.shopme.admin.ShopmeBackendApplication  : Starting ShopmeBackendApplication using Java 21.0.7 with PID 89518 (/home/eddie/Practise/Java/Spring/projects/ShopmeProject/ShopmeWebParent/ShopmeBackend/target/classes started by eddie in /home/eddie/Practise/Java/Spring/projects/ShopmeProject/ShopmeWebParent/ShopmeBackend)
2025-06-30T14:15:46.098+07:00 DEBUG 89518 --- [ShopmeBackend] [restartedMain] c.shopme.admin.ShopmeBackendApplication  : Running with Spring Boot v3.3.3, Spring v6.1.12
2025-06-30T14:15:46.098+07:00  INFO 89518 --- [ShopmeBackend] [restartedMain] c.shopme.admin.ShopmeBackendApplication  : No active profile set, falling back to 1 default profile: "default"
2025-06-30T14:15:46.617+07:00  WARN 89518 --- [ShopmeBackend] [restartedMain] JpaBaseConfiguration$JpaWebConfiguration : spring.jpa.open-in-view is enabled by default. Therefore, database queries may be performed during view rendering. Explicitly configure spring.jpa.open-in-view to disable this warning
2025-06-30T14:15:46.884+07:00  INFO 89518 --- [ShopmeBackend] [restartedMain] c.shopme.admin.ShopmeBackendApplication  : Started ShopmeBackendApplication in 0.811 seconds (process running for 229.012)
2025-06-30T14:16:46.539+07:00  INFO 89518 --- [ShopmeBackend] [restartedMain] c.shopme.admin.ShopmeBackendApplication  : Starting ShopmeBackendApplication using Java 21.0.7 with PID 89518 (/home/eddie/Practise/Java/Spring/projects/ShopmeProject/ShopmeWebParent/ShopmeBackend/target/classes started by eddie in /home/eddie/Practise/Java/Spring/projects/ShopmeProject/ShopmeWebParent/ShopmeBackend)
2025-06-30T14:16:46.539+07:00 DEBUG 89518 --- [ShopmeBackend] [restartedMain] c.shopme.admin.ShopmeBackendApplication  : Running with Spring Boot v3.3.3, Spring v6.1.12
2025-06-30T14:16:46.539+07:00  INFO 89518 --- [ShopmeBackend] [restartedMain] c.shopme.admin.ShopmeBackendApplication  : No active profile set, falling back to 1 default profile: "default"
2025-06-30T14:16:47.099+07:00  WARN 89518 --- [ShopmeBackend] [restartedMain] JpaBaseConfiguration$JpaWebConfiguration : spring.jpa.open-in-view is enabled by default. Therefore, database queries may be performed during view rendering. Explicitly configure spring.jpa.open-in-view to disable this warning
2025-06-30T14:16:47.403+07:00  INFO 89518 --- [ShopmeBackend] [restartedMain] c.shopme.admin.ShopmeBackendApplication  : Started ShopmeBackendApplication in 0.878 seconds (process running for 289.531)
2025-06-30T14:17:35.001+07:00  INFO 89518 --- [ShopmeBackend] [restartedMain] c.shopme.admin.ShopmeBackendApplication  : Starting ShopmeBackendApplication using Java 21.0.7 with PID 89518 (/home/eddie/Practise/Java/Spring/projects/ShopmeProject/ShopmeWebParent/ShopmeBackend/target/classes started by eddie in /home/eddie/Practise/Java/Spring/projects/ShopmeProject/ShopmeWebParent/ShopmeBackend)
2025-06-30T14:17:35.001+07:00 DEBUG 89518 --- [ShopmeBackend] [restartedMain] c.shopme.admin.ShopmeBackendApplication  : Running with Spring Boot v3.3.3, Spring v6.1.12
2025-06-30T14:17:35.001+07:00  INFO 89518 --- [ShopmeBackend] [restartedMain] c.shopme.admin.ShopmeBackendApplication  : No active profile set, falling back to 1 default profile: "default"
2025-06-30T14:17:35.391+07:00  WARN 89518 --- [ShopmeBackend] [restartedMain] JpaBaseConfiguration$JpaWebConfiguration : spring.jpa.open-in-view is enabled by default. Therefore, database queries may be performed during view rendering. Explicitly configure spring.jpa.open-in-view to disable this warning
2025-06-30T14:17:35.615+07:00  INFO 89518 --- [ShopmeBackend] [restartedMain] c.shopme.admin.ShopmeBackendApplication  : Started ShopmeBackendApplication in 0.63 seconds (process running for 337.743)
2025-06-30T14:18:26.235+07:00  INFO 89518 --- [ShopmeBackend] [restartedMain] c.shopme.admin.ShopmeBackendApplication  : Starting ShopmeBackendApplication using Java 21.0.7 with PID 89518 (/home/eddie/Practise/Java/Spring/projects/ShopmeProject/ShopmeWebParent/ShopmeBackend/target/classes started by eddie in /home/eddie/Practise/Java/Spring/projects/ShopmeProject/ShopmeWebParent/ShopmeBackend)
2025-06-30T14:18:26.235+07:00 DEBUG 89518 --- [ShopmeBackend] [restartedMain] c.shopme.admin.ShopmeBackendApplication  : Running with Spring Boot v3.3.3, Spring v6.1.12
2025-06-30T14:18:26.236+07:00  INFO 89518 --- [ShopmeBackend] [restartedMain] c.shopme.admin.ShopmeBackendApplication  : No active profile set, falling back to 1 default profile: "default"
2025-06-30T14:18:26.821+07:00  WARN 89518 --- [ShopmeBackend] [restartedMain] JpaBaseConfiguration$JpaWebConfiguration : spring.jpa.open-in-view is enabled by default. Therefore, database queries may be performed during view rendering. Explicitly configure spring.jpa.open-in-view to disable this warning
2025-06-30T14:18:27.008+07:00  INFO 89518 --- [ShopmeBackend] [restartedMain] c.shopme.admin.ShopmeBackendApplication  : Started ShopmeBackendApplication in 0.789 seconds (process running for 389.136)
2025-06-30T14:22:46.307+07:00  INFO 89518 --- [ShopmeBackend] [restartedMain] c.shopme.admin.ShopmeBackendApplication  : Starting ShopmeBackendApplication using Java 21.0.7 with PID 89518 (/home/eddie/Practise/Java/Spring/projects/ShopmeProject/ShopmeWebParent/ShopmeBackend/target/classes started by eddie in /home/eddie/Practise/Java/Spring/projects/ShopmeProject/ShopmeWebParent/ShopmeBackend)
2025-06-30T14:22:46.307+07:00 DEBUG 89518 --- [ShopmeBackend] [restartedMain] c.shopme.admin.ShopmeBackendApplication  : Running with Spring Boot v3.3.3, Spring v6.1.12
2025-06-30T14:22:46.307+07:00  INFO 89518 --- [ShopmeBackend] [restartedMain] c.shopme.admin.ShopmeBackendApplication  : No active profile set, falling back to 1 default profile: "default"
2025-06-30T14:22:47.268+07:00  WARN 89518 --- [ShopmeBackend] [restartedMain] JpaBaseConfiguration$JpaWebConfiguration : spring.jpa.open-in-view is enabled by default. Therefore, database queries may be performed during view rendering. Explicitly configure spring.jpa.open-in-view to disable this warning
2025-06-30T14:22:47.833+07:00  INFO 89518 --- [ShopmeBackend] [restartedMain] c.shopme.admin.ShopmeBackendApplication  : Started ShopmeBackendApplication in 1.558 seconds (process running for 649.961)
2025-06-30T14:23:31.446+07:00  INFO 89518 --- [ShopmeBackend] [restartedMain] c.shopme.admin.ShopmeBackendApplication  : Starting ShopmeBackendApplication using Java 21.0.7 with PID 89518 (/home/eddie/Practise/Java/Spring/projects/ShopmeProject/ShopmeWebParent/ShopmeBackend/target/classes started by eddie in /home/eddie/Practise/Java/Spring/projects/ShopmeProject/ShopmeWebParent/ShopmeBackend)
2025-06-30T14:23:31.446+07:00 DEBUG 89518 --- [ShopmeBackend] [restartedMain] c.shopme.admin.ShopmeBackendApplication  : Running with Spring Boot v3.3.3, Spring v6.1.12
2025-06-30T14:23:31.446+07:00  INFO 89518 --- [ShopmeBackend] [restartedMain] c.shopme.admin.ShopmeBackendApplication  : No active profile set, falling back to 1 default profile: "default"
2025-06-30T14:23:31.940+07:00  WARN 89518 --- [ShopmeBackend] [restartedMain] JpaBaseConfiguration$JpaWebConfiguration : spring.jpa.open-in-view is enabled by default. Therefore, database queries may be performed during view rendering. Explicitly configure spring.jpa.open-in-view to disable this warning
2025-06-30T14:23:32.285+07:00  INFO 89518 --- [ShopmeBackend] [restartedMain] c.shopme.admin.ShopmeBackendApplication  : Started ShopmeBackendApplication in 0.855 seconds (process running for 694.412)
2025-06-30T14:24:05.260+07:00  INFO 89518 --- [ShopmeBackend] [restartedMain] c.shopme.admin.ShopmeBackendApplication  : Starting ShopmeBackendApplication using Java 21.0.7 with PID 89518 (/home/eddie/Practise/Java/Spring/projects/ShopmeProject/ShopmeWebParent/ShopmeBackend/target/classes started by eddie in /home/eddie/Practise/Java/Spring/projects/ShopmeProject/ShopmeWebParent/ShopmeBackend)
2025-06-30T14:24:05.261+07:00 DEBUG 89518 --- [ShopmeBackend] [restartedMain] c.shopme.admin.ShopmeBackendApplication  : Running with Spring Boot v3.3.3, Spring v6.1.12
2025-06-30T14:24:05.261+07:00  INFO 89518 --- [ShopmeBackend] [restartedMain] c.shopme.admin.ShopmeBackendApplication  : No active profile set, falling back to 1 default profile: "default"
2025-06-30T14:24:05.700+07:00  WARN 89518 --- [ShopmeBackend] [restartedMain] JpaBaseConfiguration$JpaWebConfiguration : spring.jpa.open-in-view is enabled by default. Therefore, database queries may be performed during view rendering. Explicitly configure spring.jpa.open-in-view to disable this warning
2025-06-30T14:24:05.863+07:00  INFO 89518 --- [ShopmeBackend] [restartedMain] c.shopme.admin.ShopmeBackendApplication  : Started ShopmeBackendApplication in 0.624 seconds (process running for 727.991)
2025-06-30T14:24:13.809+07:00  INFO 89518 --- [ShopmeBackend] [restartedMain] c.shopme.admin.ShopmeBackendApplication  : Starting ShopmeBackendApplication using Java 21.0.7 with PID 89518 (/home/eddie/Practise/Java/Spring/projects/ShopmeProject/ShopmeWebParent/ShopmeBackend/target/classes started by eddie in /home/eddie/Practise/Java/Spring/projects/ShopmeProject/ShopmeWebParent/ShopmeBackend)
2025-06-30T14:24:13.809+07:00 DEBUG 89518 --- [ShopmeBackend] [restartedMain] c.shopme.admin.ShopmeBackendApplication  : Running with Spring Boot v3.3.3, Spring v6.1.12
2025-06-30T14:24:13.809+07:00  INFO 89518 --- [ShopmeBackend] [restartedMain] c.shopme.admin.ShopmeBackendApplication  : No active profile set, falling back to 1 default profile: "default"
2025-06-30T14:24:14.800+07:00  WARN 89518 --- [ShopmeBackend] [restartedMain] JpaBaseConfiguration$JpaWebConfiguration : spring.jpa.open-in-view is enabled by default. Therefore, database queries may be performed during view rendering. Explicitly configure spring.jpa.open-in-view to disable this warning
2025-06-30T14:24:15.218+07:00  INFO 89518 --- [ShopmeBackend] [restartedMain] c.shopme.admin.ShopmeBackendApplication  : Started ShopmeBackendApplication in 1.438 seconds (process running for 737.346)
2025-06-30T14:24:27.978+07:00  INFO 89518 --- [ShopmeBackend] [restartedMain] c.shopme.admin.ShopmeBackendApplication  : Starting ShopmeBackendApplication using Java 21.0.7 with PID 89518 (/home/eddie/Practise/Java/Spring/projects/ShopmeProject/ShopmeWebParent/ShopmeBackend/target/classes started by eddie in /home/eddie/Practise/Java/Spring/projects/ShopmeProject/ShopmeWebParent/ShopmeBackend)
2025-06-30T14:24:27.979+07:00 DEBUG 89518 --- [ShopmeBackend] [restartedMain] c.shopme.admin.ShopmeBackendApplication  : Running with Spring Boot v3.3.3, Spring v6.1.12
2025-06-30T14:24:27.979+07:00  INFO 89518 --- [ShopmeBackend] [restartedMain] c.shopme.admin.ShopmeBackendApplication  : No active profile set, falling back to 1 default profile: "default"
2025-06-30T14:24:28.924+07:00  WARN 89518 --- [ShopmeBackend] [restartedMain] JpaBaseConfiguration$JpaWebConfiguration : spring.jpa.open-in-view is enabled by default. Therefore, database queries may be performed during view rendering. Explicitly configure spring.jpa.open-in-view to disable this warning
2025-06-30T14:24:29.345+07:00  INFO 89518 --- [ShopmeBackend] [restartedMain] c.shopme.admin.ShopmeBackendApplication  : Started ShopmeBackendApplication in 1.469 seconds (process running for 751.473)
2025-06-30T14:24:49.275+07:00  INFO 89518 --- [ShopmeBackend] [restartedMain] c.shopme.admin.ShopmeBackendApplication  : Starting ShopmeBackendApplication using Java 21.0.7 with PID 89518 (/home/eddie/Practise/Java/Spring/projects/ShopmeProject/ShopmeWebParent/ShopmeBackend/target/classes started by eddie in /home/eddie/Practise/Java/Spring/projects/ShopmeProject/ShopmeWebParent/ShopmeBackend)
2025-06-30T14:24:49.275+07:00 DEBUG 89518 --- [ShopmeBackend] [restartedMain] c.shopme.admin.ShopmeBackendApplication  : Running with Spring Boot v3.3.3, Spring v6.1.12
2025-06-30T14:24:49.276+07:00  INFO 89518 --- [ShopmeBackend] [restartedMain] c.shopme.admin.ShopmeBackendApplication  : No active profile set, falling back to 1 default profile: "default"
2025-06-30T14:24:49.651+07:00  WARN 89518 --- [ShopmeBackend] [restartedMain] JpaBaseConfiguration$JpaWebConfiguration : spring.jpa.open-in-view is enabled by default. Therefore, database queries may be performed during view rendering. Explicitly configure spring.jpa.open-in-view to disable this warning
2025-06-30T14:24:49.837+07:00  INFO 89518 --- [ShopmeBackend] [restartedMain] c.shopme.admin.ShopmeBackendApplication  : Started ShopmeBackendApplication in 0.578 seconds (process running for 771.964)
2025-06-30T14:28:42.577+07:00  INFO 93384 --- [ShopmeBackend] [restartedMain] c.shopme.admin.ShopmeBackendApplication  : Starting ShopmeBackendApplication using Java 21.0.7 with PID 93384 (/home/eddie/Practise/Java/Spring/projects/ShopmeProject/ShopmeWebParent/ShopmeBackend/target/classes started by eddie in /home/eddie/Practise/Java/Spring/projects/ShopmeProject/ShopmeWebParent/ShopmeBackend)
2025-06-30T14:28:42.579+07:00 DEBUG 93384 --- [ShopmeBackend] [restartedMain] c.shopme.admin.ShopmeBackendApplication  : Running with Spring Boot v3.3.3, Spring v6.1.12
2025-06-30T14:28:42.580+07:00  INFO 93384 --- [ShopmeBackend] [restartedMain] c.shopme.admin.ShopmeBackendApplication  : No active profile set, falling back to 1 default profile: "default"
2025-06-30T14:28:48.338+07:00  WARN 93384 --- [ShopmeBackend] [restartedMain] JpaBaseConfiguration$JpaWebConfiguration : spring.jpa.open-in-view is enabled by default. Therefore, database queries may be performed during view rendering. Explicitly configure spring.jpa.open-in-view to disable this warning
2025-06-30T14:28:50.561+07:00  INFO 93384 --- [ShopmeBackend] [restartedMain] c.shopme.admin.ShopmeBackendApplication  : Started ShopmeBackendApplication in 8.576 seconds (process running for 9.108)
2025-06-30T14:30:05.683+07:00 ERROR 93384 --- [ShopmeBackend] [http-nio-8080-exec-10] com.shopme.admin.FileUploadUtil          : Could not list directory user-photos/24
